0 info it worked if it ends with ok
1 verbose cli [ '/usr/bin/node', '/usr/bin/npm', 'install' ]
2 info using npm@1.4.28
3 info using node@v0.10.37
4 verbose node symlink /usr/bin/node
5 verbose readDependencies using package.json deps
6 verbose install where, deps [ '/home/jenil/tryout',
6 verbose install   [ 'async',
6 verbose install     'body-parser',
6 verbose install     'cqrs-domain',
6 verbose install     'cqrs-eventdenormalizer',
6 verbose install     'express',
6 verbose install     'hiredis',
6 verbose install     'jade',
6 verbose install     'mongodb',
6 verbose install     'redis',
6 verbose install     'socket.io',
6 verbose install     'viewmodel' ] ]
7 info preinstall cqrs-sample@0.0.0
8 verbose readDependencies using package.json deps
9 verbose cache add [ 'async@0.9.0', null ]
10 verbose cache add name=undefined spec="async@0.9.0" args=["async@0.9.0",null]
11 verbose parsed url { protocol: null,
11 verbose parsed url   slashes: null,
11 verbose parsed url   auth: null,
11 verbose parsed url   host: null,
11 verbose parsed url   port: null,
11 verbose parsed url   hostname: null,
11 verbose parsed url   hash: null,
11 verbose parsed url   search: null,
11 verbose parsed url   query: null,
11 verbose parsed url   pathname: 'async@0.9.0',
11 verbose parsed url   path: 'async@0.9.0',
11 verbose parsed url   href: 'async@0.9.0' }
12 verbose cache add [ 'body-parser@^1.8.3', null ]
13 verbose cache add name=undefined spec="body-parser@^1.8.3" args=["body-parser@^1.8.3",null]
14 verbose parsed url { protocol: null,
14 verbose parsed url   slashes: null,
14 verbose parsed url   auth: null,
14 verbose parsed url   host: null,
14 verbose parsed url   port: null,
14 verbose parsed url   hostname: null,
14 verbose parsed url   hash: null,
14 verbose parsed url   search: null,
14 verbose parsed url   query: null,
14 verbose parsed url   pathname: 'body-parser@^1.8.3',
14 verbose parsed url   path: 'body-parser@^1.8.3',
14 verbose parsed url   href: 'body-parser@^1.8.3' }
15 verbose cache add [ 'cqrs-domain@2.0.4', null ]
16 verbose cache add name=undefined spec="cqrs-domain@2.0.4" args=["cqrs-domain@2.0.4",null]
17 verbose parsed url { protocol: null,
17 verbose parsed url   slashes: null,
17 verbose parsed url   auth: null,
17 verbose parsed url   host: null,
17 verbose parsed url   port: null,
17 verbose parsed url   hostname: null,
17 verbose parsed url   hash: null,
17 verbose parsed url   search: null,
17 verbose parsed url   query: null,
17 verbose parsed url   pathname: 'cqrs-domain@2.0.4',
17 verbose parsed url   path: 'cqrs-domain@2.0.4',
17 verbose parsed url   href: 'cqrs-domain@2.0.4' }
18 verbose cache add [ 'cqrs-eventdenormalizer@1.9.21', null ]
19 verbose cache add name=undefined spec="cqrs-eventdenormalizer@1.9.21" args=["cqrs-eventdenormalizer@1.9.21",null]
20 verbose parsed url { protocol: null,
20 verbose parsed url   slashes: null,
20 verbose parsed url   auth: null,
20 verbose parsed url   host: null,
20 verbose parsed url   port: null,
20 verbose parsed url   hostname: null,
20 verbose parsed url   hash: null,
20 verbose parsed url   search: null,
20 verbose parsed url   query: null,
20 verbose parsed url   pathname: 'cqrs-eventdenormalizer@1.9.21',
20 verbose parsed url   path: 'cqrs-eventdenormalizer@1.9.21',
20 verbose parsed url   href: 'cqrs-eventdenormalizer@1.9.21' }
21 verbose cache add [ 'express@4.9.4', null ]
22 verbose cache add name=undefined spec="express@4.9.4" args=["express@4.9.4",null]
23 verbose parsed url { protocol: null,
23 verbose parsed url   slashes: null,
23 verbose parsed url   auth: null,
23 verbose parsed url   host: null,
23 verbose parsed url   port: null,
23 verbose parsed url   hostname: null,
23 verbose parsed url   hash: null,
23 verbose parsed url   search: null,
23 verbose parsed url   query: null,
23 verbose parsed url   pathname: 'express@4.9.4',
23 verbose parsed url   path: 'express@4.9.4',
23 verbose parsed url   href: 'express@4.9.4' }
24 verbose cache add name="async" spec="0.9.0" args=["async","0.9.0"]
25 verbose parsed url { protocol: null,
25 verbose parsed url   slashes: null,
25 verbose parsed url   auth: null,
25 verbose parsed url   host: null,
25 verbose parsed url   port: null,
25 verbose parsed url   hostname: null,
25 verbose parsed url   hash: null,
25 verbose parsed url   search: null,
25 verbose parsed url   query: null,
25 verbose parsed url   pathname: '0.9.0',
25 verbose parsed url   path: '0.9.0',
25 verbose parsed url   href: '0.9.0' }
26 verbose addNamed [ 'async', '0.9.0' ]
27 verbose addNamed [ '0.9.0', '0.9.0' ]
28 verbose cache add name="body-parser" spec="^1.8.3" args=["body-parser","^1.8.3"]
29 verbose parsed url { protocol: null,
29 verbose parsed url   slashes: null,
29 verbose parsed url   auth: null,
29 verbose parsed url   host: null,
29 verbose parsed url   port: null,
29 verbose parsed url   hostname: null,
29 verbose parsed url   hash: null,
29 verbose parsed url   search: null,
29 verbose parsed url   query: null,
29 verbose parsed url   pathname: '^1.8.3',
29 verbose parsed url   path: '^1.8.3',
29 verbose parsed url   href: '^1.8.3' }
30 verbose addNamed [ 'body-parser', '^1.8.3' ]
31 verbose addNamed [ null, '>=1.8.3-0 <2.0.0-0' ]
32 verbose cache add name="cqrs-domain" spec="2.0.4" args=["cqrs-domain","2.0.4"]
33 verbose parsed url { protocol: null,
33 verbose parsed url   slashes: null,
33 verbose parsed url   auth: null,
33 verbose parsed url   host: null,
33 verbose parsed url   port: null,
33 verbose parsed url   hostname: null,
33 verbose parsed url   hash: null,
33 verbose parsed url   search: null,
33 verbose parsed url   query: null,
33 verbose parsed url   pathname: '2.0.4',
33 verbose parsed url   path: '2.0.4',
33 verbose parsed url   href: '2.0.4' }
34 verbose addNamed [ 'cqrs-domain', '2.0.4' ]
35 verbose addNamed [ '2.0.4', '2.0.4' ]
36 verbose cache add name="cqrs-eventdenormalizer" spec="1.9.21" args=["cqrs-eventdenormalizer","1.9.21"]
37 verbose parsed url { protocol: null,
37 verbose parsed url   slashes: null,
37 verbose parsed url   auth: null,
37 verbose parsed url   host: null,
37 verbose parsed url   port: null,
37 verbose parsed url   hostname: null,
37 verbose parsed url   hash: null,
37 verbose parsed url   search: null,
37 verbose parsed url   query: null,
37 verbose parsed url   pathname: '1.9.21',
37 verbose parsed url   path: '1.9.21',
37 verbose parsed url   href: '1.9.21' }
38 verbose addNamed [ 'cqrs-eventdenormalizer', '1.9.21' ]
39 verbose addNamed [ '1.9.21', '1.9.21' ]
40 verbose cache add [ 'hiredis@0.1.17', null ]
41 verbose cache add name=undefined spec="hiredis@0.1.17" args=["hiredis@0.1.17",null]
42 verbose parsed url { protocol: null,
42 verbose parsed url   slashes: null,
42 verbose parsed url   auth: null,
42 verbose parsed url   host: null,
42 verbose parsed url   port: null,
42 verbose parsed url   hostname: null,
42 verbose parsed url   hash: null,
42 verbose parsed url   search: null,
42 verbose parsed url   query: null,
42 verbose parsed url   pathname: 'hiredis@0.1.17',
42 verbose parsed url   path: 'hiredis@0.1.17',
42 verbose parsed url   href: 'hiredis@0.1.17' }
43 verbose cache add [ 'jade@1.7.0', null ]
44 verbose cache add name=undefined spec="jade@1.7.0" args=["jade@1.7.0",null]
45 verbose parsed url { protocol: null,
45 verbose parsed url   slashes: null,
45 verbose parsed url   auth: null,
45 verbose parsed url   host: null,
45 verbose parsed url   port: null,
45 verbose parsed url   hostname: null,
45 verbose parsed url   hash: null,
45 verbose parsed url   search: null,
45 verbose parsed url   query: null,
45 verbose parsed url   pathname: 'jade@1.7.0',
45 verbose parsed url   path: 'jade@1.7.0',
45 verbose parsed url   href: 'jade@1.7.0' }
46 verbose cache add [ 'mongodb@1.4.12', null ]
47 verbose cache add name=undefined spec="mongodb@1.4.12" args=["mongodb@1.4.12",null]
48 verbose parsed url { protocol: null,
48 verbose parsed url   slashes: null,
48 verbose parsed url   auth: null,
48 verbose parsed url   host: null,
48 verbose parsed url   port: null,
48 verbose parsed url   hostname: null,
48 verbose parsed url   hash: null,
48 verbose parsed url   search: null,
48 verbose parsed url   query: null,
48 verbose parsed url   pathname: 'mongodb@1.4.12',
48 verbose parsed url   path: 'mongodb@1.4.12',
48 verbose parsed url   href: 'mongodb@1.4.12' }
49 verbose cache add [ 'redis@0.12.1', null ]
50 verbose cache add name=undefined spec="redis@0.12.1" args=["redis@0.12.1",null]
51 verbose parsed url { protocol: null,
51 verbose parsed url   slashes: null,
51 verbose parsed url   auth: null,
51 verbose parsed url   host: null,
51 verbose parsed url   port: null,
51 verbose parsed url   hostname: null,
51 verbose parsed url   hash: null,
51 verbose parsed url   search: null,
51 verbose parsed url   query: null,
51 verbose parsed url   pathname: 'redis@0.12.1',
51 verbose parsed url   path: 'redis@0.12.1',
51 verbose parsed url   href: 'redis@0.12.1' }
52 verbose cache add name="express" spec="4.9.4" args=["express","4.9.4"]
53 verbose parsed url { protocol: null,
53 verbose parsed url   slashes: null,
53 verbose parsed url   auth: null,
53 verbose parsed url   host: null,
53 verbose parsed url   port: null,
53 verbose parsed url   hostname: null,
53 verbose parsed url   hash: null,
53 verbose parsed url   search: null,
53 verbose parsed url   query: null,
53 verbose parsed url   pathname: '4.9.4',
53 verbose parsed url   path: '4.9.4',
53 verbose parsed url   href: '4.9.4' }
54 verbose addNamed [ 'express', '4.9.4' ]
55 verbose addNamed [ '4.9.4', '4.9.4' ]
56 silly lockFile 9a58a886-async-0-9-0 async@0.9.0
57 verbose lock async@0.9.0 /home/jenil/.npm/9a58a886-async-0-9-0.lock
58 silly lockFile e2051858-body-parser-1-8-3 body-parser@^1.8.3
59 verbose lock body-parser@^1.8.3 /home/jenil/.npm/e2051858-body-parser-1-8-3.lock
60 silly lockFile ae102f36-cqrs-domain-2-0-4 cqrs-domain@2.0.4
61 verbose lock cqrs-domain@2.0.4 /home/jenil/.npm/ae102f36-cqrs-domain-2-0-4.lock
62 silly lockFile 5340ed21-cqrs-eventdenormalizer-1-9-21 cqrs-eventdenormalizer@1.9.21
63 verbose lock cqrs-eventdenormalizer@1.9.21 /home/jenil/.npm/5340ed21-cqrs-eventdenormalizer-1-9-21.lock
64 silly lockFile 80495242-express-4-9-4 express@4.9.4
65 verbose lock express@4.9.4 /home/jenil/.npm/80495242-express-4-9-4.lock
66 verbose cache add name="hiredis" spec="0.1.17" args=["hiredis","0.1.17"]
67 verbose parsed url { protocol: null,
67 verbose parsed url   slashes: null,
67 verbose parsed url   auth: null,
67 verbose parsed url   host: null,
67 verbose parsed url   port: null,
67 verbose parsed url   hostname: null,
67 verbose parsed url   hash: null,
67 verbose parsed url   search: null,
67 verbose parsed url   query: null,
67 verbose parsed url   pathname: '0.1.17',
67 verbose parsed url   path: '0.1.17',
67 verbose parsed url   href: '0.1.17' }
68 verbose addNamed [ 'hiredis', '0.1.17' ]
69 verbose addNamed [ '0.1.17', '0.1.17' ]
70 silly lockFile 795be474-hiredis-0-1-17 hiredis@0.1.17
71 verbose lock hiredis@0.1.17 /home/jenil/.npm/795be474-hiredis-0-1-17.lock
72 verbose cache add name="jade" spec="1.7.0" args=["jade","1.7.0"]
73 verbose parsed url { protocol: null,
73 verbose parsed url   slashes: null,
73 verbose parsed url   auth: null,
73 verbose parsed url   host: null,
73 verbose parsed url   port: null,
73 verbose parsed url   hostname: null,
73 verbose parsed url   hash: null,
73 verbose parsed url   search: null,
73 verbose parsed url   query: null,
73 verbose parsed url   pathname: '1.7.0',
73 verbose parsed url   path: '1.7.0',
73 verbose parsed url   href: '1.7.0' }
74 verbose addNamed [ 'jade', '1.7.0' ]
75 verbose addNamed [ '1.7.0', '1.7.0' ]
76 silly lockFile 154ac756-jade-1-7-0 jade@1.7.0
77 verbose lock jade@1.7.0 /home/jenil/.npm/154ac756-jade-1-7-0.lock
78 verbose cache add name="mongodb" spec="1.4.12" args=["mongodb","1.4.12"]
79 verbose parsed url { protocol: null,
79 verbose parsed url   slashes: null,
79 verbose parsed url   auth: null,
79 verbose parsed url   host: null,
79 verbose parsed url   port: null,
79 verbose parsed url   hostname: null,
79 verbose parsed url   hash: null,
79 verbose parsed url   search: null,
79 verbose parsed url   query: null,
79 verbose parsed url   pathname: '1.4.12',
79 verbose parsed url   path: '1.4.12',
79 verbose parsed url   href: '1.4.12' }
80 verbose addNamed [ 'mongodb', '1.4.12' ]
81 verbose addNamed [ '1.4.12', '1.4.12' ]
82 silly lockFile 37bf49a3-mongodb-1-4-12 mongodb@1.4.12
83 verbose lock mongodb@1.4.12 /home/jenil/.npm/37bf49a3-mongodb-1-4-12.lock
84 verbose cache add [ 'socket.io@1.1.0', null ]
85 verbose cache add name=undefined spec="socket.io@1.1.0" args=["socket.io@1.1.0",null]
86 verbose parsed url { protocol: null,
86 verbose parsed url   slashes: null,
86 verbose parsed url   auth: null,
86 verbose parsed url   host: null,
86 verbose parsed url   port: null,
86 verbose parsed url   hostname: null,
86 verbose parsed url   hash: null,
86 verbose parsed url   search: null,
86 verbose parsed url   query: null,
86 verbose parsed url   pathname: 'socket.io@1.1.0',
86 verbose parsed url   path: 'socket.io@1.1.0',
86 verbose parsed url   href: 'socket.io@1.1.0' }
87 verbose cache add [ 'viewmodel@1.5.10', null ]
88 verbose cache add name=undefined spec="viewmodel@1.5.10" args=["viewmodel@1.5.10",null]
89 verbose parsed url { protocol: null,
89 verbose parsed url   slashes: null,
89 verbose parsed url   auth: null,
89 verbose parsed url   host: null,
89 verbose parsed url   port: null,
89 verbose parsed url   hostname: null,
89 verbose parsed url   hash: null,
89 verbose parsed url   search: null,
89 verbose parsed url   query: null,
89 verbose parsed url   pathname: 'viewmodel@1.5.10',
89 verbose parsed url   path: 'viewmodel@1.5.10',
89 verbose parsed url   href: 'viewmodel@1.5.10' }
90 verbose cache add name="redis" spec="0.12.1" args=["redis","0.12.1"]
91 verbose parsed url { protocol: null,
91 verbose parsed url   slashes: null,
91 verbose parsed url   auth: null,
91 verbose parsed url   host: null,
91 verbose parsed url   port: null,
91 verbose parsed url   hostname: null,
91 verbose parsed url   hash: null,
91 verbose parsed url   search: null,
91 verbose parsed url   query: null,
91 verbose parsed url   pathname: '0.12.1',
91 verbose parsed url   path: '0.12.1',
91 verbose parsed url   href: '0.12.1' }
92 verbose addNamed [ 'redis', '0.12.1' ]
93 verbose addNamed [ '0.12.1', '0.12.1' ]
94 silly lockFile 5ec46899-redis-0-12-1 redis@0.12.1
95 verbose lock redis@0.12.1 /home/jenil/.npm/5ec46899-redis-0-12-1.lock
96 verbose cache add name="socket.io" spec="1.1.0" args=["socket.io","1.1.0"]
97 verbose parsed url { protocol: null,
97 verbose parsed url   slashes: null,
97 verbose parsed url   auth: null,
97 verbose parsed url   host: null,
97 verbose parsed url   port: null,
97 verbose parsed url   hostname: null,
97 verbose parsed url   hash: null,
97 verbose parsed url   search: null,
97 verbose parsed url   query: null,
97 verbose parsed url   pathname: '1.1.0',
97 verbose parsed url   path: '1.1.0',
97 verbose parsed url   href: '1.1.0' }
98 verbose addNamed [ 'socket.io', '1.1.0' ]
99 verbose addNamed [ '1.1.0', '1.1.0' ]
100 silly lockFile 8bfafe15-socket-io-1-1-0 socket.io@1.1.0
101 verbose lock socket.io@1.1.0 /home/jenil/.npm/8bfafe15-socket-io-1-1-0.lock
102 verbose cache add name="viewmodel" spec="1.5.10" args=["viewmodel","1.5.10"]
103 verbose parsed url { protocol: null,
103 verbose parsed url   slashes: null,
103 verbose parsed url   auth: null,
103 verbose parsed url   host: null,
103 verbose parsed url   port: null,
103 verbose parsed url   hostname: null,
103 verbose parsed url   hash: null,
103 verbose parsed url   search: null,
103 verbose parsed url   query: null,
103 verbose parsed url   pathname: '1.5.10',
103 verbose parsed url   path: '1.5.10',
103 verbose parsed url   href: '1.5.10' }
104 verbose addNamed [ 'viewmodel', '1.5.10' ]
105 verbose addNamed [ '1.5.10', '1.5.10' ]
106 silly lockFile adfd8af0-viewmodel-1-5-10 viewmodel@1.5.10
107 verbose lock viewmodel@1.5.10 /home/jenil/.npm/adfd8af0-viewmodel-1-5-10.lock
108 silly addNameRange { name: 'body-parser',
108 silly addNameRange   range: '>=1.8.3-0 <2.0.0-0',
108 silly addNameRange   hasData: false }
109 verbose request where is /hiredis
110 verbose request registry https://registry.npmjs.org/
111 verbose request id fd2ea8583a83504a
112 verbose url raw /hiredis
113 verbose url resolving [ 'https://registry.npmjs.org/', './hiredis' ]
114 verbose url resolved https://registry.npmjs.org/hiredis
115 verbose request where is https://registry.npmjs.org/hiredis
116 info trying registry request attempt 1 at 17:17:40
117 verbose etag "DZ9Y9UR1ZE0XKKCEZ8I6EYVOB"
118 http GET https://registry.npmjs.org/hiredis
119 verbose request where is /body-parser
120 verbose request registry https://registry.npmjs.org/
121 verbose url raw /body-parser
122 verbose url resolving [ 'https://registry.npmjs.org/', './body-parser' ]
123 verbose url resolved https://registry.npmjs.org/body-parser
124 verbose request where is https://registry.npmjs.org/body-parser
125 info trying registry request attempt 1 at 17:17:40
126 verbose etag "BR9C10HYQUNVAIM0C3BKOXUHH"
127 http GET https://registry.npmjs.org/body-parser
128 verbose request where is /async
129 verbose request registry https://registry.npmjs.org/
130 verbose url raw /async
131 verbose url resolving [ 'https://registry.npmjs.org/', './async' ]
132 verbose url resolved https://registry.npmjs.org/async
133 verbose request where is https://registry.npmjs.org/async
134 info trying registry request attempt 1 at 17:17:40
135 verbose etag "3UROI38G2M6U5AM6D1YKO8IAS"
136 http GET https://registry.npmjs.org/async
137 verbose request where is /jade
138 verbose request registry https://registry.npmjs.org/
139 verbose url raw /jade
140 verbose url resolving [ 'https://registry.npmjs.org/', './jade' ]
141 verbose url resolved https://registry.npmjs.org/jade
142 verbose request where is https://registry.npmjs.org/jade
143 info trying registry request attempt 1 at 17:17:40
144 verbose etag "61BMVEQWOLPHGMHEOI4FMKT4T"
145 http GET https://registry.npmjs.org/jade
146 verbose request where is /mongodb
147 verbose request registry https://registry.npmjs.org/
148 verbose url raw /mongodb
149 verbose url resolving [ 'https://registry.npmjs.org/', './mongodb' ]
150 verbose url resolved https://registry.npmjs.org/mongodb
151 verbose request where is https://registry.npmjs.org/mongodb
152 info trying registry request attempt 1 at 17:17:40
153 verbose etag "7INQV83JULBC4QDS3E1BKSFB9"
154 http GET https://registry.npmjs.org/mongodb
155 verbose request where is /cqrs-eventdenormalizer
156 verbose request registry https://registry.npmjs.org/
157 verbose url raw /cqrs-eventdenormalizer
158 verbose url resolving [ 'https://registry.npmjs.org/', './cqrs-eventdenormalizer' ]
159 verbose url resolved https://registry.npmjs.org/cqrs-eventdenormalizer
160 verbose request where is https://registry.npmjs.org/cqrs-eventdenormalizer
161 info trying registry request attempt 1 at 17:17:40
162 verbose etag "BRTK1991UHD7V1CD906LYQQXP"
163 http GET https://registry.npmjs.org/cqrs-eventdenormalizer
164 verbose request where is /viewmodel
165 verbose request registry https://registry.npmjs.org/
166 verbose url raw /viewmodel
167 verbose url resolving [ 'https://registry.npmjs.org/', './viewmodel' ]
168 verbose url resolved https://registry.npmjs.org/viewmodel
169 verbose request where is https://registry.npmjs.org/viewmodel
170 info trying registry request attempt 1 at 17:17:40
171 verbose etag "4F8YZJH1YPRKTWJ666JRDS6JH"
172 http GET https://registry.npmjs.org/viewmodel
173 verbose request where is /cqrs-domain
174 verbose request registry https://registry.npmjs.org/
175 verbose url raw /cqrs-domain
176 verbose url resolving [ 'https://registry.npmjs.org/', './cqrs-domain' ]
177 verbose url resolved https://registry.npmjs.org/cqrs-domain
178 verbose request where is https://registry.npmjs.org/cqrs-domain
179 info trying registry request attempt 1 at 17:17:40
180 verbose etag "903LRJOSMOBSD2IIU397G3HY4"
181 http GET https://registry.npmjs.org/cqrs-domain
182 verbose request where is /socket.io
183 verbose request registry https://registry.npmjs.org/
184 verbose url raw /socket.io
185 verbose url resolving [ 'https://registry.npmjs.org/', './socket.io' ]
186 verbose url resolved https://registry.npmjs.org/socket.io
187 verbose request where is https://registry.npmjs.org/socket.io
188 info trying registry request attempt 1 at 17:17:40
189 verbose etag "BDVBD1M6SVTSB4GFIYLQDTWV2"
190 http GET https://registry.npmjs.org/socket.io
191 verbose request where is /express
192 verbose request registry https://registry.npmjs.org/
193 verbose url raw /express
194 verbose url resolving [ 'https://registry.npmjs.org/', './express' ]
195 verbose url resolved https://registry.npmjs.org/express
196 verbose request where is https://registry.npmjs.org/express
197 info trying registry request attempt 1 at 17:17:40
198 verbose etag "A6JH5Q7F0BBTDMX2T4008YHUZ"
199 http GET https://registry.npmjs.org/express
200 verbose request where is /redis
201 verbose request registry https://registry.npmjs.org/
202 verbose url raw /redis
203 verbose url resolving [ 'https://registry.npmjs.org/', './redis' ]
204 verbose url resolved https://registry.npmjs.org/redis
205 verbose request where is https://registry.npmjs.org/redis
206 info trying registry request attempt 1 at 17:17:40
207 verbose etag "DMYYUFPOA9H18SNDUBKH6MCJM"
208 http GET https://registry.npmjs.org/redis
209 http 304 https://registry.npmjs.org/hiredis
210 silly registry.get cb [ 304,
210 silly registry.get   { date: 'Tue, 05 Jan 2016 11:47:41 GMT',
210 silly registry.get     via: '1.1 varnish',
210 silly registry.get     'cache-control': 'max-age=300',
210 silly registry.get     etag: '"DZ9Y9UR1ZE0XKKCEZ8I6EYVOB"',
210 silly registry.get     age: '87',
210 silly registry.get     connection: 'keep-alive',
210 silly registry.get     'x-served-by': 'cache-sin6927-SIN',
210 silly registry.get     'x-cache': 'HIT',
210 silly registry.get     'x-cache-hits': '1',
210 silly registry.get     'x-timer': 'S1451994461.592646,VS0,VE0',
210 silly registry.get     vary: 'Accept' } ]
211 verbose etag https://registry.npmjs.org/hiredis from cache
212 silly lockFile 795be474-hiredis-0-1-17 hiredis@0.1.17
213 silly lockFile 795be474-hiredis-0-1-17 hiredis@0.1.17
214 http 200 https://registry.npmjs.org/async
215 silly registry.get cb [ 200,
215 silly registry.get   { server: 'CouchDB/1.5.0 (Erlang OTP/R16B03)',
215 silly registry.get     etag: '"8NSP0Z5E9OU5F4ZGQN8PURG2M"',
215 silly registry.get     'content-type': 'application/json',
215 silly registry.get     'cache-control': 'max-age=300',
215 silly registry.get     'content-length': '135500',
215 silly registry.get     'accept-ranges': 'bytes',
215 silly registry.get     date: 'Tue, 05 Jan 2016 11:47:41 GMT',
215 silly registry.get     via: '1.1 varnish',
215 silly registry.get     age: '29',
215 silly registry.get     connection: 'keep-alive',
215 silly registry.get     'x-served-by': 'cache-sin6927-SIN',
215 silly registry.get     'x-cache': 'HIT',
215 silly registry.get     'x-cache-hits': '7',
215 silly registry.get     'x-timer': 'S1451994461.590738,VS0,VE0',
215 silly registry.get     vary: 'Accept' } ]
216 silly lockFile 282f4be9--npmjs-org-async-async-0-9-0-tgz https://registry.npmjs.org/async/-/async-0.9.0.tgz
217 verbose lock https://registry.npmjs.org/async/-/async-0.9.0.tgz /home/jenil/.npm/282f4be9--npmjs-org-async-async-0-9-0-tgz.lock
218 verbose addRemoteTarball [ 'https://registry.npmjs.org/async/-/async-0.9.0.tgz',
218 verbose addRemoteTarball   'ac3613b1da9bed1b47510bb4651b8931e47146c7' ]
219 info retry fetch attempt 1 at 17:17:44
220 verbose fetch to= /tmp/npm-9913-k2GDF-K8/registry.npmjs.org/async/-/async-0.9.0.tgz
221 http GET https://registry.npmjs.org/async/-/async-0.9.0.tgz
222 http 200 https://registry.npmjs.org/async/-/async-0.9.0.tgz
223 http 200 https://registry.npmjs.org/jade
224 silly registry.get cb [ 200,
224 silly registry.get   { server: 'CouchDB/1.5.0 (Erlang OTP/R16B03)',
224 silly registry.get     etag: '"ZR8D170WQCRJVAZESTZ5IJW2"',
224 silly registry.get     'content-type': 'application/json',
224 silly registry.get     'cache-control': 'max-age=300',
224 silly registry.get     'content-length': '148298',
224 silly registry.get     'accept-ranges': 'bytes',
224 silly registry.get     date: 'Tue, 05 Jan 2016 11:47:41 GMT',
224 silly registry.get     via: '1.1 varnish',
224 silly registry.get     age: '281',
224 silly registry.get     connection: 'keep-alive',
224 silly registry.get     'x-served-by': 'cache-sin6922-SIN',
224 silly registry.get     'x-cache': 'HIT',
224 silly registry.get     'x-cache-hits': '5',
224 silly registry.get     'x-timer': 'S1451994461.593569,VS0,VE0',
224 silly registry.get     vary: 'Accept' } ]
225 silly lockFile 14fd3f89-ry-npmjs-org-jade-jade-1-7-0-tgz https://registry.npmjs.org/jade/-/jade-1.7.0.tgz
226 verbose lock https://registry.npmjs.org/jade/-/jade-1.7.0.tgz /home/jenil/.npm/14fd3f89-ry-npmjs-org-jade-jade-1-7-0-tgz.lock
227 verbose addRemoteTarball [ 'https://registry.npmjs.org/jade/-/jade-1.7.0.tgz',
227 verbose addRemoteTarball   'fa0251e9536cd363034ea88f61e99c7e98991524' ]
228 info retry fetch attempt 1 at 17:17:45
229 verbose fetch to= /tmp/npm-9913-k2GDF-K8/registry.npmjs.org/jade/-/jade-1.7.0.tgz
230 http GET https://registry.npmjs.org/jade/-/jade-1.7.0.tgz
231 http 200 https://registry.npmjs.org/body-parser
232 silly registry.get cb [ 200,
232 silly registry.get   { server: 'CouchDB/1.5.0 (Erlang OTP/R16B03)',
232 silly registry.get     etag: '"9NFVTO91WHIADK72CJM37ADMX"',
232 silly registry.get     'content-type': 'application/json',
232 silly registry.get     'cache-control': 'max-age=300',
232 silly registry.get     'content-length': '113344',
232 silly registry.get     'accept-ranges': 'bytes',
232 silly registry.get     date: 'Tue, 05 Jan 2016 11:47:42 GMT',
232 silly registry.get     via: '1.1 varnish',
232 silly registry.get     age: '0',
232 silly registry.get     connection: 'keep-alive',
232 silly registry.get     'x-served-by': 'cache-sin6927-SIN',
232 silly registry.get     'x-cache': 'HIT',
232 silly registry.get     'x-cache-hits': '1',
232 silly registry.get     'x-timer': 'S1451994461.589707,VS0,VE922',
232 silly registry.get     vary: 'Accept' } ]
233 http 200 https://registry.npmjs.org/cqrs-eventdenormalizer
234 silly registry.get cb [ 200,
234 silly registry.get   { server: 'CouchDB/1.5.0 (Erlang OTP/R16B03)',
234 silly registry.get     etag: '"85EBQQVI3D5LOGDEXSZ66ZOKZ"',
234 silly registry.get     'content-type': 'application/json',
234 silly registry.get     'cache-control': 'max-age=300',
234 silly registry.get     'content-length': '200545',
234 silly registry.get     'accept-ranges': 'bytes',
234 silly registry.get     date: 'Tue, 05 Jan 2016 11:47:43 GMT',
234 silly registry.get     via: '1.1 varnish',
234 silly registry.get     age: '1',
234 silly registry.get     connection: 'keep-alive',
234 silly registry.get     'x-served-by': 'cache-sin6927-SIN',
234 silly registry.get     'x-cache': 'MISS',
234 silly registry.get     'x-cache-hits': '0',
234 silly registry.get     'x-timer': 'S1451994461.944371,VS0,VE1122',
234 silly registry.get     vary: 'Accept' } ]
235 silly addNameRange number 2 { name: 'body-parser',
235 silly addNameRange   range: '>=1.8.3-0 <2.0.0-0',
235 silly addNameRange   hasData: true }
236 silly addNameRange versions [ 'body-parser',
236 silly addNameRange   [ '1.0.0',
236 silly addNameRange     '1.0.1',
236 silly addNameRange     '1.0.2',
236 silly addNameRange     '1.1.0',
236 silly addNameRange     '1.1.1',
236 silly addNameRange     '1.1.2',
236 silly addNameRange     '1.2.0',
236 silly addNameRange     '1.2.1',
236 silly addNameRange     '1.2.2',
236 silly addNameRange     '1.3.0',
236 silly addNameRange     '1.3.1',
236 silly addNameRange     '1.4.0',
236 silly addNameRange     '1.4.1',
236 silly addNameRange     '1.4.2',
236 silly addNameRange     '1.4.3',
236 silly addNameRange     '1.5.0',
236 silly addNameRange     '1.5.1',
236 silly addNameRange     '1.5.2',
236 silly addNameRange     '1.6.0',
236 silly addNameRange     '1.6.1',
236 silly addNameRange     '1.6.2',
236 silly addNameRange     '1.6.3',
236 silly addNameRange     '1.6.4',
236 silly addNameRange     '1.6.5',
236 silly addNameRange     '1.6.6',
236 silly addNameRange     '1.6.7',
236 silly addNameRange     '1.7.0',
236 silly addNameRange     '1.8.0',
236 silly addNameRange     '1.8.1',
236 silly addNameRange     '1.8.2',
236 silly addNameRange     '1.8.3',
236 silly addNameRange     '1.8.4',
236 silly addNameRange     '1.9.0',
236 silly addNameRange     '1.9.1',
236 silly addNameRange     '1.9.2',
236 silly addNameRange     '1.9.3',
236 silly addNameRange     '1.10.0',
236 silly addNameRange     '1.10.1',
236 silly addNameRange     '1.10.2',
236 silly addNameRange     '1.11.0',
236 silly addNameRange     '1.12.0',
236 silly addNameRange     '1.12.1',
236 silly addNameRange     '1.12.2',
236 silly addNameRange     '1.12.3',
236 silly addNameRange     '1.12.4',
236 silly addNameRange     '1.13.0',
236 silly addNameRange     '1.13.1',
236 silly addNameRange     '1.13.2',
236 silly addNameRange     '1.13.3',
236 silly addNameRange     '1.14.0',
236 silly addNameRange     '1.14.1',
236 silly addNameRange     '1.14.2' ] ]
237 verbose addNamed [ 'body-parser', '1.14.2' ]
238 verbose addNamed [ '1.14.2', '1.14.2' ]
239 silly lockFile 0510b939-body-parser-1-14-2 body-parser@1.14.2
240 verbose lock body-parser@1.14.2 /home/jenil/.npm/0510b939-body-parser-1-14-2.lock
241 silly lockFile 9456e67d-qrs-eventdenormalizer-1-9-21-tgz https://registry.npmjs.org/cqrs-eventdenormalizer/-/cqrs-eventdenormalizer-1.9.21.tgz
242 verbose lock https://registry.npmjs.org/cqrs-eventdenormalizer/-/cqrs-eventdenormalizer-1.9.21.tgz /home/jenil/.npm/9456e67d-qrs-eventdenormalizer-1-9-21-tgz.lock
243 verbose addRemoteTarball [ 'https://registry.npmjs.org/cqrs-eventdenormalizer/-/cqrs-eventdenormalizer-1.9.21.tgz',
243 verbose addRemoteTarball   'acf0a7eae5903ac83a94ddba287b37843db26b9f' ]
244 info retry fetch attempt 1 at 17:17:46
245 verbose fetch to= /tmp/npm-9913-k2GDF-K8/registry.npmjs.org/cqrs-eventdenormalizer/-/cqrs-eventdenormalizer-1.9.21.tgz
246 http GET https://registry.npmjs.org/cqrs-eventdenormalizer/-/cqrs-eventdenormalizer-1.9.21.tgz
247 silly lockFile e692bfab-dy-parser-body-parser-1-14-2-tgz https://registry.npmjs.org/body-parser/-/body-parser-1.14.2.tgz
248 verbose lock https://registry.npmjs.org/body-parser/-/body-parser-1.14.2.tgz /home/jenil/.npm/e692bfab-dy-parser-body-parser-1-14-2-tgz.lock
249 verbose addRemoteTarball [ 'https://registry.npmjs.org/body-parser/-/body-parser-1.14.2.tgz',
249 verbose addRemoteTarball   '1015cb1fe2c443858259581db53332f8d0cf50f9' ]
250 info retry fetch attempt 1 at 17:17:46
251 verbose fetch to= /tmp/npm-9913-k2GDF-K8/registry.npmjs.org/body-parser/-/body-parser-1.14.2.tgz
252 http GET https://registry.npmjs.org/body-parser/-/body-parser-1.14.2.tgz
253 silly lockFile 282f4be9--npmjs-org-async-async-0-9-0-tgz https://registry.npmjs.org/async/-/async-0.9.0.tgz
254 silly lockFile 282f4be9--npmjs-org-async-async-0-9-0-tgz https://registry.npmjs.org/async/-/async-0.9.0.tgz
255 silly lockFile 9a58a886-async-0-9-0 async@0.9.0
256 silly lockFile 9a58a886-async-0-9-0 async@0.9.0
257 http 200 https://registry.npmjs.org/viewmodel
258 silly registry.get cb [ 200,
258 silly registry.get   { server: 'CouchDB/1.5.0 (Erlang OTP/R16B03)',
258 silly registry.get     etag: '"2SNBCM9VCNW30AFIUDD6O7KAG"',
258 silly registry.get     'content-type': 'application/json',
258 silly registry.get     'cache-control': 'max-age=300',
258 silly registry.get     'content-length': '118653',
258 silly registry.get     'accept-ranges': 'bytes',
258 silly registry.get     date: 'Tue, 05 Jan 2016 11:47:45 GMT',
258 silly registry.get     via: '1.1 varnish',
258 silly registry.get     age: '0',
258 silly registry.get     connection: 'keep-alive',
258 silly registry.get     'x-served-by': 'cache-sin6927-SIN',
258 silly registry.get     'x-cache': 'MISS',
258 silly registry.get     'x-cache-hits': '0',
258 silly registry.get     'x-timer': 'S1451994464.397540,VS0,VE866',
258 silly registry.get     vary: 'Accept' } ]
259 silly lockFile 04bf2a78-g-viewmodel-viewmodel-1-5-10-tgz https://registry.npmjs.org/viewmodel/-/viewmodel-1.5.10.tgz
260 verbose lock https://registry.npmjs.org/viewmodel/-/viewmodel-1.5.10.tgz /home/jenil/.npm/04bf2a78-g-viewmodel-viewmodel-1-5-10-tgz.lock
261 verbose addRemoteTarball [ 'https://registry.npmjs.org/viewmodel/-/viewmodel-1.5.10.tgz',
261 verbose addRemoteTarball   '10a575162ab6148085cbab6d07e674973a0e490d' ]
262 info retry fetch attempt 1 at 17:17:47
263 verbose fetch to= /tmp/npm-9913-k2GDF-K8/registry.npmjs.org/viewmodel/-/viewmodel-1.5.10.tgz
264 http GET https://registry.npmjs.org/viewmodel/-/viewmodel-1.5.10.tgz
265 http 200 https://registry.npmjs.org/jade/-/jade-1.7.0.tgz
266 http 200 https://registry.npmjs.org/socket.io
267 silly registry.get cb [ 200,
267 silly registry.get   { server: 'CouchDB/1.5.0 (Erlang OTP/R16B03)',
267 silly registry.get     etag: '"3XQO9EGE157P95STEUXTM4IGR"',
267 silly registry.get     'content-type': 'application/json',
267 silly registry.get     'cache-control': 'max-age=300',
267 silly registry.get     'content-length': '116168',
267 silly registry.get     'accept-ranges': 'bytes',
267 silly registry.get     date: 'Tue, 05 Jan 2016 11:47:46 GMT',
267 silly registry.get     via: '1.1 varnish',
267 silly registry.get     age: '233',
267 silly registry.get     connection: 'keep-alive',
267 silly registry.get     'x-served-by': 'cache-sin6927-SIN',
267 silly registry.get     'x-cache': 'HIT',
267 silly registry.get     'x-cache-hits': '3',
267 silly registry.get     'x-timer': 'S1451994466.335690,VS0,VE0',
267 silly registry.get     vary: 'Accept' } ]
268 silly lockFile 9bb74f5a-rg-socket-io-socket-io-1-1-0-tgz https://registry.npmjs.org/socket.io/-/socket.io-1.1.0.tgz
269 verbose lock https://registry.npmjs.org/socket.io/-/socket.io-1.1.0.tgz /home/jenil/.npm/9bb74f5a-rg-socket-io-socket-io-1-1-0-tgz.lock
270 verbose addRemoteTarball [ 'https://registry.npmjs.org/socket.io/-/socket.io-1.1.0.tgz',
270 verbose addRemoteTarball   '0825ecb5740f34c2319a40087c537a348010dbb6' ]
271 info retry fetch attempt 1 at 17:17:48
272 verbose fetch to= /tmp/npm-9913-k2GDF-K8/registry.npmjs.org/socket.io/-/socket.io-1.1.0.tgz
273 http GET https://registry.npmjs.org/socket.io/-/socket.io-1.1.0.tgz
274 http 200 https://registry.npmjs.org/cqrs-eventdenormalizer/-/cqrs-eventdenormalizer-1.9.21.tgz
275 http 200 https://registry.npmjs.org/socket.io/-/socket.io-1.1.0.tgz
276 http 200 https://registry.npmjs.org/redis
277 silly registry.get cb [ 200,
277 silly registry.get   { server: 'CouchDB/1.5.0 (Erlang OTP/R16B03)',
277 silly registry.get     etag: '"E2RYJLF7MSDEPTBH9UAIKD3S2"',
277 silly registry.get     'content-type': 'application/json',
277 silly registry.get     'cache-control': 'max-age=300',
277 silly registry.get     'content-length': '118727',
277 silly registry.get     'accept-ranges': 'bytes',
277 silly registry.get     date: 'Tue, 05 Jan 2016 11:47:47 GMT',
277 silly registry.get     via: '1.1 varnish',
277 silly registry.get     age: '18',
277 silly registry.get     connection: 'keep-alive',
277 silly registry.get     'x-served-by': 'cache-sin6927-SIN',
277 silly registry.get     'x-cache': 'HIT',
277 silly registry.get     'x-cache-hits': '1',
277 silly registry.get     'x-timer': 'S1451994467.554324,VS0,VE0',
277 silly registry.get     vary: 'Accept' } ]
278 http 200 https://registry.npmjs.org/body-parser/-/body-parser-1.14.2.tgz
279 silly lockFile 5db8178b-npmjs-org-redis-redis-0-12-1-tgz https://registry.npmjs.org/redis/-/redis-0.12.1.tgz
280 verbose lock https://registry.npmjs.org/redis/-/redis-0.12.1.tgz /home/jenil/.npm/5db8178b-npmjs-org-redis-redis-0-12-1-tgz.lock
281 silly lockFile e692bfab-dy-parser-body-parser-1-14-2-tgz https://registry.npmjs.org/body-parser/-/body-parser-1.14.2.tgz
282 silly lockFile e692bfab-dy-parser-body-parser-1-14-2-tgz https://registry.npmjs.org/body-parser/-/body-parser-1.14.2.tgz
283 verbose addRemoteTarball [ 'https://registry.npmjs.org/redis/-/redis-0.12.1.tgz',
283 verbose addRemoteTarball   '64df76ad0fc8acebaebd2a0645e8a48fac49185e' ]
284 silly lockFile 0510b939-body-parser-1-14-2 body-parser@1.14.2
285 silly lockFile 0510b939-body-parser-1-14-2 body-parser@1.14.2
286 silly lockFile e2051858-body-parser-1-8-3 body-parser@^1.8.3
287 silly lockFile e2051858-body-parser-1-8-3 body-parser@^1.8.3
288 info retry fetch attempt 1 at 17:17:50
289 verbose fetch to= /tmp/npm-9913-k2GDF-K8/registry.npmjs.org/redis/-/redis-0.12.1.tgz
290 http GET https://registry.npmjs.org/redis/-/redis-0.12.1.tgz
291 silly lockFile 9bb74f5a-rg-socket-io-socket-io-1-1-0-tgz https://registry.npmjs.org/socket.io/-/socket.io-1.1.0.tgz
292 silly lockFile 9bb74f5a-rg-socket-io-socket-io-1-1-0-tgz https://registry.npmjs.org/socket.io/-/socket.io-1.1.0.tgz
293 silly lockFile 8bfafe15-socket-io-1-1-0 socket.io@1.1.0
294 silly lockFile 8bfafe15-socket-io-1-1-0 socket.io@1.1.0
295 silly lockFile 9456e67d-qrs-eventdenormalizer-1-9-21-tgz https://registry.npmjs.org/cqrs-eventdenormalizer/-/cqrs-eventdenormalizer-1.9.21.tgz
296 silly lockFile 9456e67d-qrs-eventdenormalizer-1-9-21-tgz https://registry.npmjs.org/cqrs-eventdenormalizer/-/cqrs-eventdenormalizer-1.9.21.tgz
297 silly lockFile 5340ed21-cqrs-eventdenormalizer-1-9-21 cqrs-eventdenormalizer@1.9.21
298 silly lockFile 5340ed21-cqrs-eventdenormalizer-1-9-21 cqrs-eventdenormalizer@1.9.21
299 http 200 https://registry.npmjs.org/viewmodel/-/viewmodel-1.5.10.tgz
300 silly lockFile 04bf2a78-g-viewmodel-viewmodel-1-5-10-tgz https://registry.npmjs.org/viewmodel/-/viewmodel-1.5.10.tgz
301 silly lockFile 04bf2a78-g-viewmodel-viewmodel-1-5-10-tgz https://registry.npmjs.org/viewmodel/-/viewmodel-1.5.10.tgz
302 silly lockFile adfd8af0-viewmodel-1-5-10 viewmodel@1.5.10
303 silly lockFile adfd8af0-viewmodel-1-5-10 viewmodel@1.5.10
304 http 200 https://registry.npmjs.org/redis/-/redis-0.12.1.tgz
305 silly lockFile 5db8178b-npmjs-org-redis-redis-0-12-1-tgz https://registry.npmjs.org/redis/-/redis-0.12.1.tgz
306 silly lockFile 5db8178b-npmjs-org-redis-redis-0-12-1-tgz https://registry.npmjs.org/redis/-/redis-0.12.1.tgz
307 silly lockFile 5ec46899-redis-0-12-1 redis@0.12.1
308 silly lockFile 5ec46899-redis-0-12-1 redis@0.12.1
309 http 200 https://registry.npmjs.org/mongodb
310 silly registry.get cb [ 200,
310 silly registry.get   { server: 'CouchDB/1.5.0 (Erlang OTP/R16B03)',
310 silly registry.get     etag: '"BFMCEOP357KKCCDZM2YONZZ5Z"',
310 silly registry.get     'content-type': 'application/json',
310 silly registry.get     'cache-control': 'max-age=300',
310 silly registry.get     'content-length': '503771',
310 silly registry.get     'accept-ranges': 'bytes',
310 silly registry.get     date: 'Tue, 05 Jan 2016 11:47:41 GMT',
310 silly registry.get     via: '1.1 varnish',
310 silly registry.get     age: '281',
310 silly registry.get     connection: 'keep-alive',
310 silly registry.get     'x-served-by': 'cache-sin6921-SIN',
310 silly registry.get     'x-cache': 'HIT',
310 silly registry.get     'x-cache-hits': '20',
310 silly registry.get     'x-timer': 'S1451994461.593607,VS0,VE0',
310 silly registry.get     vary: 'Accept' } ]
311 silly lockFile fdb9be47-s-org-mongodb-mongodb-1-4-12-tgz https://registry.npmjs.org/mongodb/-/mongodb-1.4.12.tgz
312 verbose lock https://registry.npmjs.org/mongodb/-/mongodb-1.4.12.tgz /home/jenil/.npm/fdb9be47-s-org-mongodb-mongodb-1-4-12-tgz.lock
313 verbose addRemoteTarball [ 'https://registry.npmjs.org/mongodb/-/mongodb-1.4.12.tgz',
313 verbose addRemoteTarball   '65cdd46ec127861e941168fdccf82bf17ad71c4d' ]
314 info retry fetch attempt 1 at 17:17:58
315 verbose fetch to= /tmp/npm-9913-k2GDF-K8/registry.npmjs.org/mongodb/-/mongodb-1.4.12.tgz
316 http GET https://registry.npmjs.org/mongodb/-/mongodb-1.4.12.tgz
317 http 200 https://registry.npmjs.org/mongodb/-/mongodb-1.4.12.tgz
318 silly lockFile fdb9be47-s-org-mongodb-mongodb-1-4-12-tgz https://registry.npmjs.org/mongodb/-/mongodb-1.4.12.tgz
319 silly lockFile fdb9be47-s-org-mongodb-mongodb-1-4-12-tgz https://registry.npmjs.org/mongodb/-/mongodb-1.4.12.tgz
320 silly lockFile 37bf49a3-mongodb-1-4-12 mongodb@1.4.12
321 silly lockFile 37bf49a3-mongodb-1-4-12 mongodb@1.4.12
322 http 200 https://registry.npmjs.org/express
323 silly registry.get cb [ 200,
323 silly registry.get   { server: 'CouchDB/1.5.0 (Erlang OTP/R16B03)',
323 silly registry.get     etag: '"83H0HHIM20HHW3PVCMHO3E7V"',
323 silly registry.get     'content-type': 'application/json',
323 silly registry.get     'cache-control': 'max-age=300',
323 silly registry.get     'content-length': '529694',
323 silly registry.get     'accept-ranges': 'bytes',
323 silly registry.get     date: 'Tue, 05 Jan 2016 11:47:46 GMT',
323 silly registry.get     via: '1.1 varnish',
323 silly registry.get     age: '193',
323 silly registry.get     connection: 'keep-alive',
323 silly registry.get     'x-served-by': 'cache-sin6927-SIN',
323 silly registry.get     'x-cache': 'HIT',
323 silly registry.get     'x-cache-hits': '14',
323 silly registry.get     'x-timer': 'S1451994466.354520,VS0,VE0',
323 silly registry.get     vary: 'Accept' } ]
324 silly lockFile 231ea59a-js-org-express-express-4-9-4-tgz https://registry.npmjs.org/express/-/express-4.9.4.tgz
325 verbose lock https://registry.npmjs.org/express/-/express-4.9.4.tgz /home/jenil/.npm/231ea59a-js-org-express-express-4-9-4-tgz.lock
326 verbose addRemoteTarball [ 'https://registry.npmjs.org/express/-/express-4.9.4.tgz',
326 verbose addRemoteTarball   '008e18c92add61fcb534968e04c7e0102a66690b' ]
327 info retry fetch attempt 1 at 17:18:02
328 verbose fetch to= /tmp/npm-9913-k2GDF-K8/registry.npmjs.org/express/-/express-4.9.4.tgz
329 http GET https://registry.npmjs.org/express/-/express-4.9.4.tgz
330 http 200 https://registry.npmjs.org/express/-/express-4.9.4.tgz
331 silly lockFile 231ea59a-js-org-express-express-4-9-4-tgz https://registry.npmjs.org/express/-/express-4.9.4.tgz
332 silly lockFile 231ea59a-js-org-express-express-4-9-4-tgz https://registry.npmjs.org/express/-/express-4.9.4.tgz
333 silly lockFile 80495242-express-4-9-4 express@4.9.4
334 silly lockFile 80495242-express-4-9-4 express@4.9.4
335 silly lockFile 14fd3f89-ry-npmjs-org-jade-jade-1-7-0-tgz https://registry.npmjs.org/jade/-/jade-1.7.0.tgz
336 silly lockFile 14fd3f89-ry-npmjs-org-jade-jade-1-7-0-tgz https://registry.npmjs.org/jade/-/jade-1.7.0.tgz
337 silly lockFile 154ac756-jade-1-7-0 jade@1.7.0
338 silly lockFile 154ac756-jade-1-7-0 jade@1.7.0
339 http 200 https://registry.npmjs.org/cqrs-domain
340 silly registry.get cb [ 200,
340 silly registry.get   { server: 'CouchDB/1.5.0 (Erlang OTP/R16B03)',
340 silly registry.get     etag: '"2N4V4LWXVKEBZL6QN64NNQVF9"',
340 silly registry.get     'content-type': 'application/json',
340 silly registry.get     'cache-control': 'max-age=300',
340 silly registry.get     'content-length': '233648',
340 silly registry.get     'accept-ranges': 'bytes',
340 silly registry.get     date: 'Tue, 05 Jan 2016 11:47:47 GMT',
340 silly registry.get     via: '1.1 varnish',
340 silly registry.get     age: '1',
340 silly registry.get     connection: 'keep-alive',
340 silly registry.get     'x-served-by': 'cache-sin6922-SIN',
340 silly registry.get     'x-cache': 'MISS',
340 silly registry.get     'x-cache-hits': '0',
340 silly registry.get     'x-timer': 'S1451994466.037235,VS0,VE1167',
340 silly registry.get     vary: 'Accept' } ]
341 silly lockFile f43f0b68-qrs-domain-cqrs-domain-2-0-4-tgz https://registry.npmjs.org/cqrs-domain/-/cqrs-domain-2.0.4.tgz
342 verbose lock https://registry.npmjs.org/cqrs-domain/-/cqrs-domain-2.0.4.tgz /home/jenil/.npm/f43f0b68-qrs-domain-cqrs-domain-2-0-4-tgz.lock
343 verbose addRemoteTarball [ 'https://registry.npmjs.org/cqrs-domain/-/cqrs-domain-2.0.4.tgz',
343 verbose addRemoteTarball   '9fc1be416b526fa5316da5355ac69f40d43b014e' ]
344 info retry fetch attempt 1 at 17:18:06
345 verbose fetch to= /tmp/npm-9913-k2GDF-K8/registry.npmjs.org/cqrs-domain/-/cqrs-domain-2.0.4.tgz
346 http GET https://registry.npmjs.org/cqrs-domain/-/cqrs-domain-2.0.4.tgz
347 http 200 https://registry.npmjs.org/cqrs-domain/-/cqrs-domain-2.0.4.tgz
348 silly lockFile f43f0b68-qrs-domain-cqrs-domain-2-0-4-tgz https://registry.npmjs.org/cqrs-domain/-/cqrs-domain-2.0.4.tgz
349 silly lockFile f43f0b68-qrs-domain-cqrs-domain-2-0-4-tgz https://registry.npmjs.org/cqrs-domain/-/cqrs-domain-2.0.4.tgz
350 silly lockFile ae102f36-cqrs-domain-2-0-4 cqrs-domain@2.0.4
351 silly lockFile ae102f36-cqrs-domain-2-0-4 cqrs-domain@2.0.4
352 error Error: EACCES, mkdir '/home/jenil/.npm/body-parser/1.14.2'
352 error  { [Error: EACCES, mkdir '/home/jenil/.npm/body-parser/1.14.2']
352 error   errno: 3,
352 error   code: 'EACCES',
352 error   path: '/home/jenil/.npm/body-parser/1.14.2',
352 error   parent: 'cqrs-sample' }
353 error Please try running this command again as root/Administrator.
354 error System Linux 3.5.0-44-generic
355 error command "/usr/bin/node" "/usr/bin/npm" "install"
356 error cwd /home/jenil/tryout
357 error node -v v0.10.37
358 error npm -v 1.4.28
359 error path /home/jenil/.npm/body-parser/1.14.2
360 error code EACCES
361 error errno 3
362 error stack Error: EACCES, mkdir '/home/jenil/.npm/body-parser/1.14.2'
363 verbose exit [ 3, true ]
